#-----------------------------------------------------------
# Vivado v2019.2 (64-bit)
# SW Build 2708876 on Wed Nov  6 21:40:23 MST 2019
# IP Build 2700528 on Thu Nov  7 00:09:20 MST 2019
# Start of session at: Mon Nov  4 19:49:53 2024
# Process ID: 14696
# Current directory: C:/Users/admin/Desktop/CPU
# Command line: vivado.exe -gui_launcher_event rodinguilauncherevent14256 C:\Users\admin\Desktop\CPU\MiniMIPS32.xpr
# Log file: C:/Users/admin/Desktop/CPU/vivado.log
# Journal file: C:/Users/admin/Desktop/CPU\vivado.jou
#-----------------------------------------------------------
start_gui
open_project C:/Users/admin/Desktop/CPU/MiniMIPS32.xpr
Scanning sources...
Finished scanning sources
INFO: [IP_Flow 19-234] Refreshing IP repositories
INFO: [IP_Flow 19-1704] No user IP repositories specified
INFO: [IP_Flow 19-2313] Loaded Vivado IP repository 'E:/vivado/Vivado/2019.2/data/ip'.
open_project: Time (s): cpu = 00:00:19 ; elapsed = 00:00:08 . Memory (MB): peak = 1145.453 ; gain = 218.629
update_compile_order -fileset sources_1
exit
INFO: [Common 17-206] Exiting Vivado at Mon Nov  4 20:11:32 2024...
